<?xml version="1.0" encoding="UTF-8"?>
<!-- Generated by org.testng.reporters.JUnitReportReporter -->
<testsuite hostname="Madhu" failures="0" tests="1" name="com.practice.AssignmentNo4" time="16.816" errors="0" timestamp="2022-06-23T10:47:37 IST" skipped="0">
  <testcase classname="com.practice.AssignmentNo4" name="assign4" time="16.816"/>
  <system-out/>
</testsuite> <!-- com.practice.AssignmentNo4 -->
