<?xml version="1.0" encoding="UTF-8"?>
<!-- Generated by org.testng.reporters.JUnitReportReporter -->
<testsuite hostname="Madhu" failures="0" tests="1" name="com.practice.AssignmentNo3" time="46.399" errors="0" timestamp="2022-06-22T14:11:20 IST" skipped="0">
  <testcase classname="com.practice.AssignmentNo3" name="assign3" time="46.399"/>
  <system-out/>
</testsuite> <!-- com.practice.AssignmentNo3 -->
