<?xml version="1.0" encoding="UTF-8"?>
<!-- Generated by org.testng.reporters.JUnitReportReporter -->
<testsuite hostname="Madhu" failures="0" tests="1" name="Demo.ChromeLaunch" time="15.239" errors="0" timestamp="2022-06-13T11:11:47 IST" skipped="0">
  <testcase classname="Demo.ChromeLaunch" name="launchBrowser" time="15.239"/>
  <system-out/>
</testsuite> <!-- Demo.ChromeLaunch -->
