<?xml version="1.0" encoding="UTF-8"?>
<!-- Generated by org.testng.reporters.JUnitReportReporter -->
<testsuite hostname="Madhu" failures="0" tests="1" name="com.practice.Dropdown" time="18.187" errors="0" timestamp="2022-06-17T17:41:12 IST" skipped="0">
  <testcase classname="com.practice.Dropdown" name="execrsise1" time="18.187"/>
  <system-out/>
</testsuite> <!-- com.practice.Dropdown -->
