<?xml version="1.0" encoding="UTF-8"?>
<!-- Generated by org.testng.reporters.JUnitReportReporter -->
<testsuite hostname="Madhu" failures="0" tests="1" name="com.practice.AssignmentsNo5" time="26.013" errors="0" timestamp="2022-06-24T09:59:24 IST" skipped="0">
  <testcase classname="com.practice.AssignmentsNo5" name="assign5" time="26.013"/>
  <system-out/>
</testsuite> <!-- com.practice.AssignmentsNo5 -->
