<?xml version="1.0" encoding="UTF-8"?>
<!-- Generated by org.testng.reporters.JUnitReportReporter -->
<testsuite hostname="Madhu" failures="0" tests="1" name="com.practice.WindowActivities" time="12.951" errors="0" timestamp="2022-06-15T18:06:54 IST" skipped="0">
  <testcase classname="com.practice.WindowActivities" name="window" time="12.951"/>
  <system-out/>
</testsuite> <!-- com.practice.WindowActivities -->
