<?xml version="1.0" encoding="UTF-8"?>
<!-- Generated by org.testng.reporters.JUnitReportReporter -->
<testsuite hostname="Madhu" failures="0" tests="1" name="com.practice.AssignmentNo6" time="6.953" errors="0" timestamp="2022-06-24T11:31:49 IST" skipped="0">
  <testcase classname="com.practice.AssignmentNo6" name="assign6" time="6.953"/>
  <system-out/>
</testsuite> <!-- com.practice.AssignmentNo6 -->
